<?xml version="1.0" encoding="UTF-8"?>
<testsuite name="agh.ics.oop.GrassFieldTest" tests="2" skipped="0" failures="0" errors="0" timestamp="2021-11-25T14:33:30" hostname="DESKTOP-6EKH438" time="0.023">
  <properties/>
  <testcase name="engineTest()" classname="agh.ics.oop.GrassFieldTest" time="0.022"/>
  <testcase name="placeTest()" classname="agh.ics.oop.GrassFieldTest" time="0.0"/>
  <system-out><![CDATA[]]></system-out>
  <system-err><![CDATA[]]></system-err>
</testsuite>
